mode: atomic
github.com/karlseguin/ccache/v3/bucket.go:14.37,18.2 3 356
github.com/karlseguin/ccache/v3/bucket.go:20.84,24.32 4 98
github.com/karlseguin/ccache/v3/bucket.go:24.32,25.26 1 27
github.com/karlseguin/ccache/v3/bucket.go:25.26,27.4 1 4
github.com/karlseguin/ccache/v3/bucket.go:29.2,29.13 1 94
github.com/karlseguin/ccache/v3/bucket.go:32.46,36.2 3 1349951
github.com/karlseguin/ccache/v3/bucket.go:38.93,42.17 4 2
github.com/karlseguin/ccache/v3/bucket.go:42.17,44.3 1 1
github.com/karlseguin/ccache/v3/bucket.go:46.2,54.17 6 1
github.com/karlseguin/ccache/v3/bucket.go:54.17,56.3 1 0
github.com/karlseguin/ccache/v3/bucket.go:58.2,59.16 2 1
github.com/karlseguin/ccache/v3/bucket.go:62.103,70.2 7 1373835
github.com/karlseguin/ccache/v3/bucket.go:72.49,78.2 5 1309618
github.com/karlseguin/ccache/v3/bucket.go:93.108,98.32 4 85
github.com/karlseguin/ccache/v3/bucket.go:98.32,99.25 1 48
github.com/karlseguin/ccache/v3/bucket.go:99.25,102.4 2 13
github.com/karlseguin/ccache/v3/bucket.go:104.2,106.21 2 85
github.com/karlseguin/ccache/v3/bucket.go:106.21,109.3 1 75
github.com/karlseguin/ccache/v3/bucket.go:111.2,112.29 2 10
github.com/karlseguin/ccache/v3/bucket.go:112.29,114.3 1 13
github.com/karlseguin/ccache/v3/bucket.go:115.2,116.19 2 10
github.com/karlseguin/ccache/v3/bucket.go:119.79,120.59 1 34
github.com/karlseguin/ccache/v3/bucket.go:120.59,122.3 1 20
github.com/karlseguin/ccache/v3/bucket.go:126.29,127.32 1 1600
github.com/karlseguin/ccache/v3/bucket.go:127.32,129.3 1 51
github.com/karlseguin/ccache/v3/bucket.go:130.2,130.38 1 1600
github.com/karlseguin/ccache/v3/cache.go:23.53,33.38 2 219
github.com/karlseguin/ccache/v3/cache.go:33.38,37.3 1 3504
github.com/karlseguin/ccache/v3/cache.go:38.2,39.10 2 219
github.com/karlseguin/ccache/v3/cache.go:42.36,44.30 2 21
github.com/karlseguin/ccache/v3/cache.go:44.30,46.3 1 336
github.com/karlseguin/ccache/v3/cache.go:47.2,47.14 1 21
github.com/karlseguin/ccache/v3/cache.go:50.52,52.30 2 2
github.com/karlseguin/ccache/v3/cache.go:52.30,54.3 1 32
github.com/karlseguin/ccache/v3/cache.go:55.2,55.14 1 2
github.com/karlseguin/ccache/v3/cache.go:59.81,61.30 2 3
github.com/karlseguin/ccache/v3/cache.go:61.30,63.3 1 48
github.com/karlseguin/ccache/v3/cache.go:64.2,64.14 1 3
github.com/karlseguin/ccache/v3/cache.go:67.78,68.30 1 7
github.com/karlseguin/ccache/v3/cache.go:68.30,69.30 1 92
github.com/karlseguin/ccache/v3/cache.go:69.30,70.9 1 2
github.com/karlseguin/ccache/v3/cache.go:79.45,81.17 2 703594
github.com/karlseguin/ccache/v3/cache.go:81.17,83.3 1 579650
github.com/karlseguin/ccache/v3/cache.go:84.2,84.21 1 123944
github.com/karlseguin/ccache/v3/cache.go:84.21,85.10 1 123942
github.com/karlseguin/ccache/v3/cache.go:86.30,86.30 0 123790
github.com/karlseguin/ccache/v3/cache.go:87.11,87.11 0 152
github.com/karlseguin/ccache/v3/cache.go:90.2,90.13 1 123944
github.com/karlseguin/ccache/v3/cache.go:96.59,98.2 1 1
github.com/karlseguin/ccache/v3/cache.go:102.59,104.17 2 1
github.com/karlseguin/ccache/v3/cache.go:104.17,106.3 1 0
github.com/karlseguin/ccache/v3/cache.go:107.2,108.13 2 1
github.com/karlseguin/ccache/v3/cache.go:113.92,115.2 1 1
github.com/karlseguin/ccache/v3/cache.go:118.69,120.2 1 705331
github.com/karlseguin/ccache/v3/cache.go:123.71,125.2 1 2
github.com/karlseguin/ccache/v3/cache.go:130.54,132.17 2 4
github.com/karlseguin/ccache/v3/cache.go:132.17,134.3 1 1
github.com/karlseguin/ccache/v3/cache.go:135.2,136.13 2 3
github.com/karlseguin/ccache/v3/cache.go:141.68,143.17 2 2
github.com/karlseguin/ccache/v3/cache.go:143.17,145.3 1 1
github.com/karlseguin/ccache/v3/cache.go:147.2,148.13 2 1
github.com/karlseguin/ccache/v3/cache.go:157.105,159.36 2 1
github.com/karlseguin/ccache/v3/cache.go:159.36,161.3 1 0
github.com/karlseguin/ccache/v3/cache.go:162.2,163.16 2 1
github.com/karlseguin/ccache/v3/cache.go:163.16,165.3 1 0
github.com/karlseguin/ccache/v3/cache.go:166.2,166.48 1 1
github.com/karlseguin/ccache/v3/cache.go:170.44,172.17 2 203267
github.com/karlseguin/ccache/v3/cache.go:172.17,175.3 2 98893
github.com/karlseguin/ccache/v3/cache.go:176.2,176.14 1 104374
github.com/karlseguin/ccache/v3/cache.go:179.90,181.21 2 705333
github.com/karlseguin/ccache/v3/cache.go:181.21,183.3 1 124245
github.com/karlseguin/ccache/v3/cache.go:184.2,185.13 2 705333
github.com/karlseguin/ccache/v3/cache.go:188.50,192.2 3 2087956
github.com/karlseguin/ccache/v3/cache.go:194.38,198.2 3 100
github.com/karlseguin/ccache/v3/cache.go:200.27,201.35 1 100
github.com/karlseguin/ccache/v3/cache.go:201.35,203.3 1 1600
github.com/karlseguin/ccache/v3/cache.go:206.29,207.35 1 100
github.com/karlseguin/ccache/v3/cache.go:207.35,209.3 1 1600
github.com/karlseguin/ccache/v3/cache.go:212.29,216.37 3 219
github.com/karlseguin/ccache/v3/cache.go:216.37,217.46 1 725922
github.com/karlseguin/ccache/v3/cache.go:217.46,219.4 1 9522
github.com/karlseguin/ccache/v3/cache.go:222.2,222.6 1 219
github.com/karlseguin/ccache/v3/cache.go:222.6,223.10 1 873074
github.com/karlseguin/ccache/v3/cache.go:224.32,225.21 1 720514
github.com/karlseguin/ccache/v3/cache.go:226.31,227.20 1 151968
github.com/karlseguin/ccache/v3/cache.go:228.24,229.33 1 478
github.com/karlseguin/ccache/v3/cache.go:230.21,231.15 1 105
github.com/karlseguin/ccache/v3/cache.go:232.27,234.16 2 5
github.com/karlseguin/ccache/v3/cache.go:235.27,237.27 2 2
github.com/karlseguin/ccache/v3/cache.go:237.27,239.6 1 1
github.com/karlseguin/ccache/v3/cache.go:240.5,240.27 1 2
github.com/karlseguin/ccache/v3/cache.go:241.22,242.21 1 100
github.com/karlseguin/ccache/v3/cache.go:242.21,244.31 2 100
github.com/karlseguin/ccache/v3/cache.go:244.31,246.7 1 501
github.com/karlseguin/ccache/v3/cache.go:247.6,248.30 2 100
github.com/karlseguin/ccache/v3/cache.go:248.30,250.7 1 452
github.com/karlseguin/ccache/v3/cache.go:252.6,252.39 1 100
github.com/karlseguin/ccache/v3/cache.go:252.39,254.7 1 1600
github.com/karlseguin/ccache/v3/cache.go:255.6,256.34 2 100
github.com/karlseguin/ccache/v3/cache.go:258.5,258.27 1 100
github.com/karlseguin/ccache/v3/cache.go:259.24,260.22 1 29
github.com/karlseguin/ccache/v3/cache.go:261.19,263.27 2 5
github.com/karlseguin/ccache/v3/cache.go:264.28,266.27 2 232
github.com/karlseguin/ccache/v3/cache.go:271.1,272.6 1 0
github.com/karlseguin/ccache/v3/cache.go:272.6,273.10 1 428
github.com/karlseguin/ccache/v3/cache.go:274.31,275.20 1 323
github.com/karlseguin/ccache/v3/cache.go:276.11,277.10 1 105
github.com/karlseguin/ccache/v3/cache.go:292.3,294.6 1 360
github.com/karlseguin/ccache/v3/cache.go:294.6,295.10 1 7761
github.com/karlseguin/ccache/v3/cache.go:296.30,297.19 1 7401
github.com/karlseguin/ccache/v3/cache.go:298.11,299.23 1 360
github.com/karlseguin/ccache/v3/cache.go:302.1,303.6 1 360
github.com/karlseguin/ccache/v3/cache.go:303.6,304.10 1 5726
github.com/karlseguin/ccache/v3/cache.go:305.29,306.18 1 5366
github.com/karlseguin/ccache/v3/cache.go:307.11,308.22 1 360
github.com/karlseguin/ccache/v3/cache.go:313.44,314.22 1 156135
github.com/karlseguin/ccache/v3/cache.go:314.22,316.3 1 28144
github.com/karlseguin/ccache/v3/cache.go:316.8,318.24 2 127991
github.com/karlseguin/ccache/v3/cache.go:318.24,320.4 1 1
github.com/karlseguin/ccache/v3/cache.go:321.3,323.23 3 127991
github.com/karlseguin/ccache/v3/cache.go:327.50,329.27 1 725922
github.com/karlseguin/ccache/v3/cache.go:329.27,331.3 1 44889
github.com/karlseguin/ccache/v3/cache.go:332.2,332.22 1 681033
github.com/karlseguin/ccache/v3/cache.go:332.22,333.43 1 71486
github.com/karlseguin/ccache/v3/cache.go:333.43,336.4 2 3751
github.com/karlseguin/ccache/v3/cache.go:337.3,337.15 1 71486
github.com/karlseguin/ccache/v3/cache.go:340.2,342.13 3 609547
github.com/karlseguin/ccache/v3/cache.go:345.29,350.51 4 9528
github.com/karlseguin/ccache/v3/cache.go:350.51,352.3 1 1
github.com/karlseguin/ccache/v3/cache.go:354.2,354.43 1 9528
github.com/karlseguin/ccache/v3/cache.go:354.43,355.18 1 475756
github.com/karlseguin/ccache/v3/cache.go:355.18,357.4 1 1
github.com/karlseguin/ccache/v3/cache.go:358.3,360.59 3 475755
github.com/karlseguin/ccache/v3/cache.go:360.59,364.25 4 475753
github.com/karlseguin/ccache/v3/cache.go:364.25,366.5 1 2
github.com/karlseguin/ccache/v3/cache.go:367.4,369.24 3 475753
github.com/karlseguin/ccache/v3/cache.go:371.3,371.14 1 475755
github.com/karlseguin/ccache/v3/cache.go:373.2,373.16 1 9527
github.com/karlseguin/ccache/v3/configuration.go:17.43,27.2 1 384
github.com/karlseguin/ccache/v3/configuration.go:31.65,34.2 2 10
github.com/karlseguin/ccache/v3/configuration.go:39.68,40.54 1 31
github.com/karlseguin/ccache/v3/configuration.go:40.54,42.3 1 26
github.com/karlseguin/ccache/v3/configuration.go:43.2,44.10 2 31
github.com/karlseguin/ccache/v3/configuration.go:49.73,52.2 2 19
github.com/karlseguin/ccache/v3/configuration.go:57.73,60.2 2 1
github.com/karlseguin/ccache/v3/configuration.go:64.72,67.2 2 1
github.com/karlseguin/ccache/v3/configuration.go:73.74,76.2 2 4
github.com/karlseguin/ccache/v3/configuration.go:92.54,95.2 2 3
github.com/karlseguin/ccache/v3/configuration.go:100.85,103.2 2 4
github.com/karlseguin/ccache/v3/control.go:33.36,35.2 1 351
github.com/karlseguin/ccache/v3/control.go:40.23,44.2 3 12
github.com/karlseguin/ccache/v3/control.go:51.25,54.2 2 205
github.com/karlseguin/ccache/v3/control.go:58.26,62.2 3 118
github.com/karlseguin/ccache/v3/control.go:68.34,72.2 3 58
github.com/karlseguin/ccache/v3/control.go:77.35,81.2 3 10
github.com/karlseguin/ccache/v3/control.go:86.41,90.2 3 4
github.com/karlseguin/ccache/v3/control.go:106.32,110.2 3 360
github.com/karlseguin/ccache/v3/item.go:33.78,37.51 2 1373836
github.com/karlseguin/ccache/v3/item.go:37.51,39.3 1 41
github.com/karlseguin/ccache/v3/item.go:40.2,47.11 2 1373836
github.com/karlseguin/ccache/v3/item.go:47.11,49.3 1 2
github.com/karlseguin/ccache/v3/item.go:50.2,50.13 1 1373836
github.com/karlseguin/ccache/v3/item.go:53.60,56.2 2 135245
github.com/karlseguin/ccache/v3/item.go:58.32,60.2 1 1
github.com/karlseguin/ccache/v3/item.go:62.29,64.2 1 81
github.com/karlseguin/ccache/v3/item.go:66.27,68.2 1 3
github.com/karlseguin/ccache/v3/item.go:70.29,72.2 1 5
github.com/karlseguin/ccache/v3/item.go:74.34,77.2 2 123947
github.com/karlseguin/ccache/v3/item.go:79.39,82.2 2 49890
github.com/karlseguin/ccache/v3/item.go:84.39,87.2 2 2
github.com/karlseguin/ccache/v3/item.go:89.50,91.2 1 2
github.com/karlseguin/ccache/v3/item.go:99.35,101.2 1 0
github.com/karlseguin/ccache/v3/layeredbucket.go:13.44,17.30 4 224
github.com/karlseguin/ccache/v3/layeredbucket.go:17.30,19.3 1 20
github.com/karlseguin/ccache/v3/layeredbucket.go:20.2,20.14 1 224
github.com/karlseguin/ccache/v3/layeredbucket.go:23.68,25.19 2 666358
github.com/karlseguin/ccache/v3/layeredbucket.go:25.19,27.3 1 20024
github.com/karlseguin/ccache/v3/layeredbucket.go:28.2,28.30 1 646334
github.com/karlseguin/ccache/v3/layeredbucket.go:31.74,35.13 4 666368
github.com/karlseguin/ccache/v3/layeredbucket.go:35.13,37.3 1 20028
github.com/karlseguin/ccache/v3/layeredbucket.go:38.2,38.15 1 646340
github.com/karlseguin/ccache/v3/layeredbucket.go:41.125,44.13 3 668496
github.com/karlseguin/ccache/v3/layeredbucket.go:44.13,47.3 2 21562
github.com/karlseguin/ccache/v3/layeredbucket.go:48.2,51.23 4 668496
github.com/karlseguin/ccache/v3/layeredbucket.go:54.71,58.13 4 640812
github.com/karlseguin/ccache/v3/layeredbucket.go:58.13,60.3 1 10216
github.com/karlseguin/ccache/v3/layeredbucket.go:61.2,61.33 1 630596
github.com/karlseguin/ccache/v3/layeredbucket.go:64.95,68.13 4 2
github.com/karlseguin/ccache/v3/layeredbucket.go:68.13,70.3 1 0
github.com/karlseguin/ccache/v3/layeredbucket.go:71.2,71.48 1 2
github.com/karlseguin/ccache/v3/layeredbucket.go:74.131,78.13 4 3
github.com/karlseguin/ccache/v3/layeredbucket.go:78.13,80.3 1 0
github.com/karlseguin/ccache/v3/layeredbucket.go:81.2,81.47 1 3
github.com/karlseguin/ccache/v3/layeredbucket.go:84.85,88.13 4 1
github.com/karlseguin/ccache/v3/layeredbucket.go:88.13,90.3 1 0
github.com/karlseguin/ccache/v3/layeredbucket.go:92.2,95.37 3 1
github.com/karlseguin/ccache/v3/layeredbucket.go:95.37,97.3 1 0
github.com/karlseguin/ccache/v3/layeredbucket.go:98.2,98.39 1 1
github.com/karlseguin/ccache/v3/layeredbucket.go:98.39,101.3 2 2
github.com/karlseguin/ccache/v3/layeredbucket.go:102.2,102.13 1 1
github.com/karlseguin/ccache/v3/layeredbucket.go:105.102,109.12 4 7
github.com/karlseguin/ccache/v3/layeredbucket.go:109.12,111.3 1 6
github.com/karlseguin/ccache/v3/layeredbucket.go:115.36,116.35 1 288
github.com/karlseguin/ccache/v3/layeredbucket.go:116.35,118.3 1 0
github.com/karlseguin/ccache/v3/layeredbucket.go:119.2,119.41 1 288
github.com/karlseguin/ccache/v3/layeredcache.go:34.64,44.38 2 132
github.com/karlseguin/ccache/v3/layeredcache.go:44.38,48.3 1 2112
github.com/karlseguin/ccache/v3/layeredcache.go:49.2,50.10 2 132
github.com/karlseguin/ccache/v3/layeredcache.go:53.43,55.30 2 14
github.com/karlseguin/ccache/v3/layeredcache.go:55.30,57.3 1 224
github.com/karlseguin/ccache/v3/layeredcache.go:58.2,58.14 1 14
github.com/karlseguin/ccache/v3/layeredcache.go:65.67,67.17 2 666351
github.com/karlseguin/ccache/v3/layeredcache.go:67.17,69.3 1 559323
github.com/karlseguin/ccache/v3/layeredcache.go:70.2,70.42 1 107028
github.com/karlseguin/ccache/v3/layeredcache.go:70.42,71.10 1 107028
github.com/karlseguin/ccache/v3/layeredcache.go:72.30,72.30 0 106892
github.com/karlseguin/ccache/v3/layeredcache.go:73.11,73.11 0 136
github.com/karlseguin/ccache/v3/layeredcache.go:76.2,76.13 1 107028
github.com/karlseguin/ccache/v3/layeredcache.go:82.81,84.2 1 1
github.com/karlseguin/ccache/v3/layeredcache.go:86.101,88.2 1 7
github.com/karlseguin/ccache/v3/layeredcache.go:93.88,97.16 4 10
github.com/karlseguin/ccache/v3/layeredcache.go:97.16,100.3 2 4
github.com/karlseguin/ccache/v3/layeredcache.go:101.2,105.3 2 10
github.com/karlseguin/ccache/v3/layeredcache.go:110.81,112.17 2 1
github.com/karlseguin/ccache/v3/layeredcache.go:112.17,114.3 1 0
github.com/karlseguin/ccache/v3/layeredcache.go:115.2,116.13 2 1
github.com/karlseguin/ccache/v3/layeredcache.go:120.114,122.2 1 1
github.com/karlseguin/ccache/v3/layeredcache.go:125.91,127.2 1 668495
github.com/karlseguin/ccache/v3/layeredcache.go:132.76,134.17 2 6
github.com/karlseguin/ccache/v3/layeredcache.go:134.17,136.3 1 2
github.com/karlseguin/ccache/v3/layeredcache.go:137.2,138.13 2 4
github.com/karlseguin/ccache/v3/layeredcache.go:147.127,149.17 2 0
github.com/karlseguin/ccache/v3/layeredcache.go:149.17,151.3 1 0
github.com/karlseguin/ccache/v3/layeredcache.go:152.2,153.16 2 0
github.com/karlseguin/ccache/v3/layeredcache.go:153.16,155.3 1 0
github.com/karlseguin/ccache/v3/layeredcache.go:156.2,156.63 1 0
github.com/karlseguin/ccache/v3/layeredcache.go:160.66,162.17 2 166197
github.com/karlseguin/ccache/v3/layeredcache.go:162.17,165.3 2 80689
github.com/karlseguin/ccache/v3/layeredcache.go:166.2,166.14 1 85508
github.com/karlseguin/ccache/v3/layeredcache.go:170.58,172.2 1 1
github.com/karlseguin/ccache/v3/layeredcache.go:175.68,177.2 1 2
github.com/karlseguin/ccache/v3/layeredcache.go:180.104,182.2 1 3
github.com/karlseguin/ccache/v3/layeredcache.go:184.112,186.21 2 668496
github.com/karlseguin/ccache/v3/layeredcache.go:186.21,188.3 1 106910
github.com/karlseguin/ccache/v3/layeredcache.go:189.2,190.13 2 668496
github.com/karlseguin/ccache/v3/layeredcache.go:193.64,197.2 3 1975689
github.com/karlseguin/ccache/v3/layeredcache.go:199.45,203.2 3 18
github.com/karlseguin/ccache/v3/layeredcache.go:205.34,206.35 1 18
github.com/karlseguin/ccache/v3/layeredcache.go:206.35,208.3 1 288
github.com/karlseguin/ccache/v3/layeredcache.go:211.36,212.35 1 18
github.com/karlseguin/ccache/v3/layeredcache.go:212.35,214.3 1 288
github.com/karlseguin/ccache/v3/layeredcache.go:217.50,219.2 1 668500
github.com/karlseguin/ccache/v3/layeredcache.go:221.36,225.37 3 132
github.com/karlseguin/ccache/v3/layeredcache.go:225.37,226.46 1 672692
github.com/karlseguin/ccache/v3/layeredcache.go:226.46,228.4 1 9501
github.com/karlseguin/ccache/v3/layeredcache.go:231.2,231.6 1 132
github.com/karlseguin/ccache/v3/layeredcache.go:231.6,232.10 1 789077
github.com/karlseguin/ccache/v3/layeredcache.go:233.32,234.21 1 670699
github.com/karlseguin/ccache/v3/layeredcache.go:235.31,236.20 1 118057
github.com/karlseguin/ccache/v3/layeredcache.go:237.24,238.33 1 289
github.com/karlseguin/ccache/v3/layeredcache.go:239.21,240.15 1 100
github.com/karlseguin/ccache/v3/layeredcache.go:241.27,243.16 2 5
github.com/karlseguin/ccache/v3/layeredcache.go:244.27,246.27 2 2
github.com/karlseguin/ccache/v3/layeredcache.go:246.27,248.6 1 1
github.com/karlseguin/ccache/v3/layeredcache.go:249.5,249.27 1 2
github.com/karlseguin/ccache/v3/layeredcache.go:250.22,252.30 2 18
github.com/karlseguin/ccache/v3/layeredcache.go:252.30,254.6 1 0
github.com/karlseguin/ccache/v3/layeredcache.go:255.5,256.29 2 18
github.com/karlseguin/ccache/v3/layeredcache.go:256.29,258.6 1 0
github.com/karlseguin/ccache/v3/layeredcache.go:260.5,260.21 1 18
github.com/karlseguin/ccache/v3/layeredcache.go:260.21,261.39 1 18
github.com/karlseguin/ccache/v3/layeredcache.go:261.39,263.7 1 288
github.com/karlseguin/ccache/v3/layeredcache.go:264.6,265.34 2 18
github.com/karlseguin/ccache/v3/layeredcache.go:267.5,267.27 1 18
github.com/karlseguin/ccache/v3/layeredcache.go:268.24,269.22 1 29
github.com/karlseguin/ccache/v3/layeredcache.go:270.19,272.27 2 7
github.com/karlseguin/ccache/v3/layeredcache.go:273.28,275.27 2 128
github.com/karlseguin/ccache/v3/layeredcache.go:280.1,281.6 1 0
github.com/karlseguin/ccache/v3/layeredcache.go:281.6,282.10 1 1054
github.com/karlseguin/ccache/v3/layeredcache.go:283.31,284.20 1 954
github.com/karlseguin/ccache/v3/layeredcache.go:285.11,286.10 1 100
github.com/karlseguin/ccache/v3/layeredcache.go:291.51,292.22 1 120533
github.com/karlseguin/ccache/v3/layeredcache.go:292.22,294.3 1 10211
github.com/karlseguin/ccache/v3/layeredcache.go:294.8,296.24 2 110322
github.com/karlseguin/ccache/v3/layeredcache.go:296.24,298.4 1 1
github.com/karlseguin/ccache/v3/layeredcache.go:299.3,301.23 3 110322
github.com/karlseguin/ccache/v3/layeredcache.go:305.57,307.27 1 672692
github.com/karlseguin/ccache/v3/layeredcache.go:307.27,309.3 1 17829
github.com/karlseguin/ccache/v3/layeredcache.go:310.2,310.22 1 654863
github.com/karlseguin/ccache/v3/layeredcache.go:310.22,311.43 1 63757
github.com/karlseguin/ccache/v3/layeredcache.go:311.43,314.4 2 3228
github.com/karlseguin/ccache/v3/layeredcache.go:315.3,315.15 1 63757
github.com/karlseguin/ccache/v3/layeredcache.go:317.2,319.13 3 591106
github.com/karlseguin/ccache/v3/layeredcache.go:322.36,327.51 4 9509
github.com/karlseguin/ccache/v3/layeredcache.go:327.51,329.3 1 1
github.com/karlseguin/ccache/v3/layeredcache.go:331.2,331.43 1 9509
github.com/karlseguin/ccache/v3/layeredcache.go:331.43,332.18 1 474620
github.com/karlseguin/ccache/v3/layeredcache.go:332.18,334.4 1 2
github.com/karlseguin/ccache/v3/layeredcache.go:335.3,337.59 3 474618
github.com/karlseguin/ccache/v3/layeredcache.go:337.59,341.25 4 474615
github.com/karlseguin/ccache/v3/layeredcache.go:341.25,343.5 1 4
github.com/karlseguin/ccache/v3/layeredcache.go:344.4,346.16 3 474615
github.com/karlseguin/ccache/v3/layeredcache.go:348.3,348.14 1 474618
github.com/karlseguin/ccache/v3/layeredcache.go:350.2,350.16 1 9507
github.com/karlseguin/ccache/v3/list.go:8.32,10.2 1 472
github.com/karlseguin/ccache/v3/list.go:12.41,16.17 3 1195669
github.com/karlseguin/ccache/v3/list.go:16.17,18.3 1 956038
github.com/karlseguin/ccache/v3/list.go:18.8,20.3 1 239631
github.com/karlseguin/ccache/v3/list.go:22.2,22.17 1 1195669
github.com/karlseguin/ccache/v3/list.go:22.17,24.3 1 4181
github.com/karlseguin/ccache/v3/list.go:24.8,26.3 1 1191488
github.com/karlseguin/ccache/v3/list.go:27.2,28.17 2 1195669
github.com/karlseguin/ccache/v3/list.go:31.46,34.2 2 6982
github.com/karlseguin/ccache/v3/list.go:36.44,40.2 3 1200664
github.com/karlseguin/ccache/v3/list.go:42.46,45.17 3 1207646
github.com/karlseguin/ccache/v3/list.go:45.17,48.3 2 400
github.com/karlseguin/ccache/v3/list.go:49.2,50.18 2 1207246
github.com/karlseguin/ccache/v3/secondarycache.go:12.60,14.2 1 11
github.com/karlseguin/ccache/v3/secondarycache.go:18.93,20.21 2 4
github.com/karlseguin/ccache/v3/secondarycache.go:20.21,22.3 1 1
github.com/karlseguin/ccache/v3/secondarycache.go:23.2,24.13 2 4
github.com/karlseguin/ccache/v3/secondarycache.go:29.120,31.17 2 2
github.com/karlseguin/ccache/v3/secondarycache.go:31.17,33.3 1 1
github.com/karlseguin/ccache/v3/secondarycache.go:34.2,35.16 2 1
github.com/karlseguin/ccache/v3/secondarycache.go:35.16,37.3 1 0
github.com/karlseguin/ccache/v3/secondarycache.go:38.2,38.47 1 1
github.com/karlseguin/ccache/v3/secondarycache.go:43.59,45.17 2 1
github.com/karlseguin/ccache/v3/secondarycache.go:45.17,48.3 2 1
github.com/karlseguin/ccache/v3/secondarycache.go:49.2,49.14 1 0
github.com/karlseguin/ccache/v3/secondarycache.go:54.69,56.17 2 2
github.com/karlseguin/ccache/v3/secondarycache.go:56.17,58.3 1 1
github.com/karlseguin/ccache/v3/secondarycache.go:59.2,60.13 2 1
github.com/karlseguin/ccache/v3/secondarycache.go:65.74,67.17 2 1
github.com/karlseguin/ccache/v3/secondarycache.go:67.17,69.3 1 0
github.com/karlseguin/ccache/v3/secondarycache.go:70.2,71.13 2 1
